2026-03-16 13:04:59 | INFO     | Ozon: Успешное подключение к API
2026-03-16 13:04:59 | INFO     | Ozon API: Raw UNPROCESSED page: 100, has_next: True
2026-03-16 13:04:59 | INFO     | Ozon API: Raw UNPROCESSED reviews page: 100, has_next: True
2026-03-16 13:04:59 | DEBUG    | Ozon API: Enriched review 019c099a-5590-7007-a7ec-c80d12ef6aec rating: N/A
2026-03-16 13:04:59 | DEBUG    | Ozon API: Enriched review 019c0b3a-d090-74f2-b5f8-fb5e53e5758f rating: N/A
2026-03-16 13:04:59 | DEBUG    | Ozon API: Enriched review 019cb543-f86a-76fc-ad94-1c2cf3389ed0 rating: N/A
2026-03-16 13:04:59 | DEBUG    | Ozon API: Enriched review 019cb7ed-da97-73c3-a118-270dad82f576 rating: N/A
2026-03-16 13:04:59 | DEBUG    | Ozon API: Enriched review 019cb95a-da9a-720a-8e4f-54dcf53aed9e rating: N/A
2026-03-16 13:04:59 | DEBUG    | Ozon API: Enriched review 019cbeb6-619d-78f3-a184-7439d1045749 rating: N/A
2026-03-16 13:04:59 | DEBUG    | Ozon API: Enriched review 019cbf50-38b9-7d84-8f01-a984af799a13 rating: N/A
2026-03-16 13:05:00 | DEBUG    | Ozon API: Enriched review 019cbfc0-0cf6-778c-b6c1-e539a11c2f64 rating: N/A
2026-03-16 13:05:00 | DEBUG    | Ozon API: Enriched review 019cce43-e6b2-7296-b99c-99e86594e21e rating: N/A
2026-03-16 13:05:00 | DEBUG    | Ozon API: Enriched review 019cdd4e-232e-7293-9dc4-c3f2134f4f0e rating: N/A
2026-03-16 13:05:00 | DEBUG    | Ozon API: Enriched review 019ce118-30dd-7288-91d5-7fe7b82282e9 rating: N/A
2026-03-16 13:05:00 | DEBUG    | Ozon API: Enriched review 019ce2a5-1086-7923-bccd-77198e1413f7 rating: N/A
2026-03-16 13:05:00 | DEBUG    | Ozon API: Enriched review 019ce2cd-c1e1-7d0c-8cdb-7cba497cb531 rating: N/A
2026-03-16 13:05:00 | DEBUG    | Ozon API: Enriched review 019ce318-40b5-727d-8f4c-91240c2b4d14 rating: N/A
2026-03-16 13:05:02 | DEBUG    | Ozon API: Enriched review 019ce32b-823c-761a-81f3-c956fb1e5ce1 rating: N/A
2026-03-16 13:05:02 | DEBUG    | Ozon API: Enriched review 019ce33d-639d-7606-aa08-ec3a74bc50cf rating: N/A
2026-03-16 13:05:02 | DEBUG    | Ozon API: Enriched review 019ce33f-78a3-7015-ad25-1fae39b342d5 rating: N/A
2026-03-16 13:05:02 | DEBUG    | Ozon API: Enriched review 019ce395-ed05-7ede-a3b7-efb6fc0a9bab rating: N/A
2026-03-16 13:05:03 | DEBUG    | Ozon API: Enriched review 019ce46f-f38d-7d26-9c29-e4fa64c84cdb rating: N/A
2026-03-16 13:05:03 | DEBUG    | Ozon API: Enriched review 019ce539-8682-79f2-a2fc-3685b1bfdaf7 rating: N/A
2026-03-16 13:05:05 | DEBUG    | Ozon API: Enriched review 019ce57d-3f5f-726c-92cc-44bda68e5c04 rating: N/A
2026-03-16 13:05:05 | DEBUG    | Ozon API: Enriched review 019ce5d3-ecaa-7dfe-b6a6-218454003705 rating: N/A
2026-03-16 13:05:05 | DEBUG    | Ozon API: Enriched review 019ce5ef-ee1f-781c-8674-9f047aad848b rating: N/A
2026-03-16 13:05:05 | DEBUG    | Ozon API: Enriched review 019ce611-00f7-7c3d-99c2-a68d46c54031 rating: N/A
2026-03-16 13:05:05 | DEBUG    | Ozon API: Enriched review 019ce611-431c-7be3-8622-a4e4ca6c047c rating: N/A
2026-03-16 13:05:05 | DEBUG    | Ozon API: Enriched review 019cc47e-0d10-7273-bb63-263d1589eeab rating: N/A
2026-03-16 13:05:05 | DEBUG    | Ozon API: Enriched review 019ce646-8dec-7b94-8695-688e36c4e815 rating: N/A
2026-03-16 13:05:05 | DEBUG    | Ozon API: Enriched review 019ce63d-0999-7a54-8920-0dce35bcd1cc rating: N/A
2026-03-16 13:05:05 | DEBUG    | Ozon API: Enriched review 019ce699-9f7a-7db6-b365-c11451041ef0 rating: N/A
2026-03-16 13:05:05 | DEBUG    | Ozon API: Enriched review 019cd37e-1cc1-7540-94a8-79686378a497 rating: N/A
2026-03-16 13:05:05 | DEBUG    | Ozon API: Enriched review 019ce6b0-3328-7499-b2e3-e5b779c0c210 rating: N/A
2026-03-16 13:05:05 | DEBUG    | Ozon API: Enriched review 019ce6b0-8959-78c7-a35e-a9f15b7c604a rating: N/A
2026-03-16 13:05:05 | DEBUG    | Ozon API: Enriched review 019cc6e7-66a2-740d-bd4d-9fa35cf42a90 rating: N/A
2026-03-16 13:05:05 | DEBUG    | Ozon API: Enriched review 019cd177-5295-7556-984c-65e67f91b75c rating: N/A
2026-03-16 13:05:05 | DEBUG    | Ozon API: Enriched review 019ce6d7-6689-7ae3-b9b0-0a030e9865d2 rating: N/A
2026-03-16 13:05:05 | DEBUG    | Ozon API: Enriched review 019ce6f5-7dc6-7534-98cb-8a32496e1a25 rating: N/A
2026-03-16 13:05:06 | DEBUG    | Ozon API: Enriched review 019ce703-d734-7b58-8aaa-2b4f53118768 rating: N/A
2026-03-16 13:05:06 | DEBUG    | Ozon API: Enriched review 019cd1f1-4246-7b60-9b7b-6e4600792265 rating: N/A
2026-03-16 13:05:06 | DEBUG    | Ozon API: Enriched review 019ce733-0d0b-7e41-b39c-cc303e04b2cd rating: N/A
2026-03-16 13:05:06 | DEBUG    | Ozon API: Enriched review 019ce75f-9445-7931-a058-0a1656a24cd9 rating: N/A
2026-03-16 13:05:06 | DEBUG    | Ozon API: Enriched review 019ce764-0e26-732e-87c0-8ea0c8c6744d rating: N/A
2026-03-16 13:05:06 | DEBUG    | Ozon API: Enriched review 019ce78c-33ef-7822-95d1-0265f10301dd rating: N/A
2026-03-16 13:05:06 | DEBUG    | Ozon API: Enriched review 019cc24a-0c4e-72c4-8c92-746b651d807b rating: N/A
2026-03-16 13:05:06 | DEBUG    | Ozon API: Enriched review 019ce807-9747-7e73-bc6b-51ac8d35fa1f rating: N/A
2026-03-16 13:05:06 | DEBUG    | Ozon API: Enriched review 019ce82a-8c4a-77aa-94f7-ae31c20e1e9f rating: N/A
2026-03-16 13:05:06 | DEBUG    | Ozon API: Enriched review 019ce84b-69f8-7750-8ceb-365068ce264d rating: N/A
2026-03-16 13:05:06 | DEBUG    | Ozon API: Enriched review 019ce851-0a5a-7941-93a1-924ed802f788 rating: N/A
2026-03-16 13:05:06 | DEBUG    | Ozon API: Enriched review 019ce855-115a-7aac-8d9b-921229e56e54 rating: N/A
2026-03-16 13:05:06 | DEBUG    | Ozon API: Enriched review 019ce863-f477-75e5-883a-94821847d5fa rating: N/A
2026-03-16 13:05:06 | DEBUG    | Ozon API: Enriched review 019ce8a6-e385-79b8-8091-e13c8b3d1229 rating: N/A
2026-03-16 13:05:06 | DEBUG    | Ozon API: Enriched review 019ce8b6-e427-73ac-9134-1ae22b431da0 rating: N/A
2026-03-16 13:05:06 | DEBUG    | Ozon API: Enriched review 019ce901-d815-7643-91bb-990cfc0ed485 rating: N/A
2026-03-16 13:05:06 | DEBUG    | Ozon API: Enriched review 019ce96c-cce0-70d9-84e2-c1c9fa2a0fb5 rating: N/A
2026-03-16 13:05:06 | DEBUG    | Ozon API: Enriched review 019ce9e8-410c-75d4-95cc-582448a244b1 rating: N/A
2026-03-16 13:05:06 | DEBUG    | Ozon API: Enriched review 019cea82-2b99-7334-b6d4-ed8063c17363 rating: N/A
2026-03-16 13:05:06 | DEBUG    | Ozon API: Enriched review 019cea8f-00a4-7adc-af94-edd44f493a36 rating: N/A
2026-03-16 13:05:06 | DEBUG    | Ozon API: Enriched review 019cea8f-9c74-7883-8d24-554730a0fc2b rating: N/A
2026-03-16 13:05:06 | DEBUG    | Ozon API: Enriched review 019ceaa9-672f-73da-927d-5c9cda0db7e6 rating: N/A
2026-03-16 13:05:07 | DEBUG    | Ozon API: Enriched review 019cead2-0e43-7357-9bb4-503295a5d315 rating: N/A
2026-03-16 13:05:07 | DEBUG    | Ozon API: Enriched review 019ceae7-72fa-7cd9-8235-f86fdd716a74 rating: N/A
2026-03-16 13:05:07 | DEBUG    | Ozon API: Enriched review 019ceb0a-53e5-7e8b-be8d-0053df55e5d7 rating: N/A
2026-03-16 13:05:07 | DEBUG    | Ozon API: Enriched review 019ceac8-887b-7454-9574-ad593fbbfd49 rating: N/A
2026-03-16 13:05:07 | DEBUG    | Ozon API: Enriched review 019ceb20-f232-7bb7-83c3-7bb40e6ad2ff rating: N/A
2026-03-16 13:05:07 | DEBUG    | Ozon API: Enriched review 019ceb28-60d1-766d-9ae6-fca6e0f3ca32 rating: N/A
2026-03-16 13:05:07 | DEBUG    | Ozon API: Enriched review 019ceb2a-851b-7158-a6be-bfe109314853 rating: N/A
2026-03-16 13:05:07 | DEBUG    | Ozon API: Enriched review 019ceb3b-e5eb-7914-953b-b962aac6e124 rating: N/A
2026-03-16 13:05:07 | DEBUG    | Ozon API: Enriched review 019ceb45-110d-7b57-86e1-147ec0182e5b rating: N/A
2026-03-16 13:05:07 | DEBUG    | Ozon API: Enriched review 019ceb45-4574-7157-bf8f-31f44c35540d rating: N/A
2026-03-16 13:05:07 | DEBUG    | Ozon API: Enriched review 019ceb47-59a6-7f07-9ac3-525974a42bd2 rating: N/A
2026-03-16 13:05:07 | DEBUG    | Ozon API: Enriched review 019ceb67-a8b8-7dc3-a8ea-9b9aec4a3dae rating: N/A
2026-03-16 13:05:07 | DEBUG    | Ozon API: Enriched review 019ceb73-9ca9-7831-9dac-d53e2e960b3d rating: N/A
2026-03-16 13:05:07 | DEBUG    | Ozon API: Enriched review 019ceb82-ef56-7da7-9f43-b3a9fbab87dc rating: N/A
2026-03-16 13:05:07 | DEBUG    | Ozon API: Enriched review 019ceb9e-6142-7092-b0e0-373690170e5b rating: N/A
2026-03-16 13:05:07 | DEBUG    | Ozon API: Enriched review 019ceba4-7e3f-78d7-aaa3-cfe9ed64b036 rating: N/A
2026-03-16 13:05:07 | DEBUG    | Ozon API: Enriched review 019cebb7-91ee-7475-97f6-fcb56e1a3b10 rating: N/A
2026-03-16 13:05:07 | DEBUG    | Ozon API: Enriched review 019cebc1-fb7f-7c7e-9b37-09a2f62976af rating: N/A
2026-03-16 13:05:07 | DEBUG    | Ozon API: Enriched review 019cebd4-024f-7585-ba01-69293e475dd5 rating: N/A
2026-03-16 13:05:07 | DEBUG    | Ozon API: Enriched review 019cebf6-a378-7cdd-8c02-97ce6940d143 rating: N/A
2026-03-16 13:05:07 | DEBUG    | Ozon API: Enriched review 019cec01-c0a7-7330-a9b9-39869d0f78ba rating: N/A
2026-03-16 13:05:07 | DEBUG    | Ozon API: Enriched review 019cec3b-5e05-7728-95e7-5f41de85edf5 rating: N/A
2026-03-16 13:05:07 | DEBUG    | Ozon API: Enriched review 019ce7ba-f11d-7573-a1fe-1adca761fd87 rating: N/A
2026-03-16 13:05:08 | DEBUG    | Ozon API: Enriched review 019ce7e7-c2e9-7288-a892-994c0267dd59 rating: N/A
2026-03-16 13:05:08 | DEBUG    | Ozon API: Enriched review 019cec5e-a866-788c-af5a-6326c35b8536 rating: N/A
2026-03-16 13:05:08 | DEBUG    | Ozon API: Enriched review 019cec63-8ac0-7a50-865b-331fcf531a52 rating: N/A
2026-03-16 13:05:08 | DEBUG    | Ozon API: Enriched review 019ce83a-4936-76c1-9a68-bd3f74e67dd6 rating: N/A
2026-03-16 13:05:08 | DEBUG    | Ozon API: Enriched review 019cec8d-fd16-78ce-8627-1d3a494fce29 rating: N/A
2026-03-16 13:05:08 | DEBUG    | Ozon API: Enriched review 019ceca6-4008-7e12-9e12-3a1cce6dfa58 rating: N/A
2026-03-16 13:05:08 | DEBUG    | Ozon API: Enriched review 019ceca3-2d9c-7136-9c9d-04fac02376da rating: N/A
2026-03-16 13:05:08 | DEBUG    | Ozon API: Enriched review 019ce8a6-f2f6-756d-9782-4ae803c9d5c0 rating: N/A
2026-03-16 13:05:08 | DEBUG    | Ozon API: Enriched review 019cecbc-29f1-7542-a2a4-7055f5366534 rating: N/A
2026-03-16 13:05:08 | DEBUG    | Ozon API: Enriched review 019cecdc-d357-7256-8e14-b55a7929a03a rating: N/A
2026-03-16 13:05:08 | DEBUG    | Ozon API: Enriched review 019cecef-8ddd-73f8-8e37-46d40b21cc48 rating: N/A
2026-03-16 13:05:08 | DEBUG    | Ozon API: Enriched review 019ced07-c976-7ed7-8788-9d72e42db19a rating: N/A
2026-03-16 13:05:08 | DEBUG    | Ozon API: Enriched review 019ced0a-9cf3-7312-805f-251377e8f2ac rating: N/A
2026-03-16 13:05:08 | DEBUG    | Ozon API: Enriched review 019ced12-c51a-763f-b162-ebebf1d3062f rating: N/A
2026-03-16 13:05:08 | DEBUG    | Ozon API: Enriched review 019ced44-1003-723e-818c-c14bee2103dc rating: N/A
2026-03-16 13:05:08 | DEBUG    | Ozon API: Enriched review 019ced72-ff19-7b1f-95ac-6dd1c3f8c599 rating: N/A
2026-03-16 13:05:08 | DEBUG    | Ozon API: Enriched review 019ced8f-dc06-7925-a1c9-f8ec3926bc95 rating: N/A
2026-03-16 13:05:08 | DEBUG    | Ozon API: Enriched review 019cedc6-e8f5-7f22-8807-4997f1455a2e rating: N/A
2026-03-16 13:05:08 | DEBUG    | Ozon API: Enriched review 019cedd9-7a58-7db3-8ea4-ad5cd0d05e20 rating: N/A
2026-03-16 13:05:09 | INFO     | Ozon API: Raw UNPROCESSED page: 59, has_next: False
2026-03-16 13:05:09 | INFO     | Ozon API: Raw UNPROCESSED reviews page: 59, has_next: False
2026-03-16 13:05:09 | DEBUG    | Ozon API: Enriched review 019cee09-9959-7d83-ab1a-ebae669cc42c rating: N/A
2026-03-16 13:05:09 | DEBUG    | Ozon API: Enriched review 019ced64-5f4c-736a-8650-43029e76d8a1 rating: N/A
2026-03-16 13:05:09 | DEBUG    | Ozon API: Enriched review 019cef88-9fe8-76e9-b2d7-b809313f5296 rating: N/A
2026-03-16 13:05:09 | DEBUG    | Ozon API: Enriched review 019cefc4-5a38-724f-b10e-5600f9536901 rating: N/A
2026-03-16 13:05:09 | DEBUG    | Ozon API: Enriched review 019cefc5-93ab-7774-99ec-f0dc68354545 rating: N/A
2026-03-16 13:05:09 | DEBUG    | Ozon API: Enriched review 019cefcf-9ed5-7ef5-b76c-79729ba493c6 rating: N/A
2026-03-16 13:05:09 | DEBUG    | Ozon API: Enriched review 019cf00b-2bbe-7981-a3ef-dda5a8d30df6 rating: N/A
2026-03-16 13:05:09 | DEBUG    | Ozon API: Enriched review 019cf00c-c0d4-7761-83d0-ecc84e30a637 rating: N/A
2026-03-16 13:05:09 | DEBUG    | Ozon API: Enriched review 019cf020-3978-7954-a15e-08a0cb608b6e rating: N/A
2026-03-16 13:05:09 | DEBUG    | Ozon API: Enriched review 019cf020-75a7-74be-a60b-a56e10e41654 rating: N/A
2026-03-16 13:05:09 | DEBUG    | Ozon API: Enriched review 019cf048-c905-72bb-927b-a5c30aed18fe rating: N/A
2026-03-16 13:05:09 | DEBUG    | Ozon API: Enriched review 019cf078-a7d6-7118-8156-ce54c4df1280 rating: N/A
2026-03-16 13:05:09 | DEBUG    | Ozon API: Enriched review 019cf089-72f3-7200-ad6f-dd5932809ac5 rating: N/A
2026-03-16 13:05:09 | DEBUG    | Ozon API: Enriched review 019cf090-df1f-70da-adf1-cbbae253da5b rating: N/A
2026-03-16 13:05:10 | DEBUG    | Ozon API: Enriched review 019cf094-fde8-71b0-a8d3-49788bbadc7c rating: N/A
2026-03-16 13:05:10 | DEBUG    | Ozon API: Enriched review 019cf0c9-bdb4-71fc-95b1-3d6265eea108 rating: N/A
2026-03-16 13:05:10 | DEBUG    | Ozon API: Enriched review 019cf0d0-ee02-76ca-8c85-bebec49ff196 rating: N/A
2026-03-16 13:05:10 | DEBUG    | Ozon API: Enriched review 019cf108-e9db-7458-ac9f-8fe459aa8f55 rating: N/A
2026-03-16 13:05:10 | DEBUG    | Ozon API: Enriched review 019cf111-1637-70d4-9bb9-e36a0f93a10f rating: N/A
2026-03-16 13:05:10 | DEBUG    | Ozon API: Enriched review 019cf132-7397-77f0-96cd-1999439e5aad rating: N/A
2026-03-16 13:05:10 | DEBUG    | Ozon API: Enriched review 019cf138-4493-7b86-a334-cfe05e1f9035 rating: N/A
2026-03-16 13:05:10 | DEBUG    | Ozon API: Enriched review 019cf139-d110-741a-a17a-3c818c779552 rating: N/A
2026-03-16 13:05:10 | DEBUG    | Ozon API: Enriched review 019cf13b-2c7a-7c97-bcd4-e1f2460e07c4 rating: N/A
2026-03-16 13:05:10 | DEBUG    | Ozon API: Enriched review 019cf168-b24d-7b6e-9673-7d6fd153539c rating: N/A
2026-03-16 13:05:10 | DEBUG    | Ozon API: Enriched review 019cf16d-0287-73fa-859c-d35d48a32210 rating: N/A
2026-03-16 13:05:10 | DEBUG    | Ozon API: Enriched review 019cf175-fe8e-795c-a884-58b3ef277128 rating: N/A
2026-03-16 13:05:10 | DEBUG    | Ozon API: Enriched review 019cf19a-adbb-7305-9603-2ee215118ea7 rating: N/A
2026-03-16 13:05:10 | DEBUG    | Ozon API: Enriched review 019cf1c5-c457-7106-9c07-11b23f75d7f7 rating: N/A
2026-03-16 13:05:10 | DEBUG    | Ozon API: Enriched review 019cf1e9-0e74-7313-bcf0-272f89fab0d2 rating: N/A
2026-03-16 13:05:10 | DEBUG    | Ozon API: Enriched review 019cf276-02e7-7390-9cc8-18c1a753d1e2 rating: N/A
2026-03-16 13:05:10 | DEBUG    | Ozon API: Enriched review 019cf277-f0e5-7554-b3b6-055e0ab72c7e rating: N/A
2026-03-16 13:05:10 | DEBUG    | Ozon API: Enriched review 019cf287-258f-7463-bd8a-daa0aac43b2c rating: N/A
2026-03-16 13:05:10 | DEBUG    | Ozon API: Enriched review 019cf2a6-48cc-7649-8189-d13c91763c37 rating: N/A
2026-03-16 13:05:10 | DEBUG    | Ozon API: Enriched review 019cf2b4-70f5-7e37-95c6-f18021d43010 rating: N/A
2026-03-16 13:05:10 | DEBUG    | Ozon API: Enriched review 019cf2bc-3a75-7705-a77b-0c929884b7fc rating: N/A
2026-03-16 13:05:10 | DEBUG    | Ozon API: Enriched review 019cf2b9-a4a1-7234-89cb-e543b3546bb9 rating: N/A
2026-03-16 13:05:10 | DEBUG    | Ozon API: Enriched review 019cf2e3-7b8b-7394-8fae-fa59413b4fbd rating: N/A
2026-03-16 13:05:10 | DEBUG    | Ozon API: Enriched review 019cf300-7b97-7386-9917-c9361727a971 rating: N/A
2026-03-16 13:05:10 | DEBUG    | Ozon API: Enriched review 019cf30d-6f90-70b0-9cef-1e9281aa4100 rating: N/A
2026-03-16 13:05:11 | DEBUG    | Ozon API: Enriched review 019cf319-022e-7e38-8a99-6bf24e4f66d5 rating: N/A
2026-03-16 13:05:11 | DEBUG    | Ozon API: Enriched review 019cf319-3618-7a19-8464-167e585edbb2 rating: N/A
2026-03-16 13:05:11 | DEBUG    | Ozon API: Enriched review 019cf32c-ab60-7448-9e86-910f5e0f9533 rating: N/A
2026-03-16 13:05:11 | DEBUG    | Ozon API: Enriched review 019cf3d5-b27d-7338-ad7f-2da2997164e2 rating: N/A
2026-03-16 13:05:11 | DEBUG    | Ozon API: Enriched review 019cf435-f6e4-75c4-9167-52b5f08a284e rating: N/A
2026-03-16 13:05:11 | DEBUG    | Ozon API: Enriched review 019cf471-dd09-7220-9dff-8795f9f6cba0 rating: N/A
2026-03-16 13:05:11 | DEBUG    | Ozon API: Enriched review 019cf4ef-fe6e-7022-9f15-7f6e274f7293 rating: N/A
2026-03-16 13:05:11 | DEBUG    | Ozon API: Enriched review 019cf532-7a8a-7c32-93fc-db475abbbbdd rating: N/A
2026-03-16 13:05:11 | DEBUG    | Ozon API: Enriched review 019cf54f-ef60-7e4f-bebf-5d1b1e48a4fa rating: N/A
2026-03-16 13:05:11 | DEBUG    | Ozon API: Enriched review 019cf558-de47-7a44-a9ef-aec03958c6b5 rating: N/A
2026-03-16 13:05:11 | DEBUG    | Ozon API: Enriched review 019cf55b-9b11-78af-bde6-cae5cce0869d rating: N/A
2026-03-16 13:05:11 | DEBUG    | Ozon API: Enriched review 019cf5d7-f6b9-74eb-8ec6-d099d0356752 rating: N/A
2026-03-16 13:05:11 | DEBUG    | Ozon API: Enriched review 019cf5de-a97a-742a-b07a-191e6d066ac3 rating: N/A
2026-03-16 13:05:11 | DEBUG    | Ozon API: Enriched review 019cf5e4-1570-7948-a0d6-920e36aaa1fd rating: N/A
2026-03-16 13:05:11 | DEBUG    | Ozon API: Enriched review 019cf5e8-683a-7326-9d9e-21dec3c86a21 rating: N/A
2026-03-16 13:05:11 | DEBUG    | Ozon API: Enriched review 019cf602-321c-7946-9991-1f675eb15dda rating: N/A
2026-03-16 13:05:11 | DEBUG    | Ozon API: Enriched review 019cf60c-6a48-790b-a4e3-724dfb6054ba rating: N/A
2026-03-16 13:05:11 | DEBUG    | Ozon API: Enriched review 019cf61a-dc96-71ff-94b5-81e6444a8669 rating: N/A
2026-03-16 13:05:11 | DEBUG    | Ozon API: Enriched review 019cf61b-0ca6-7bcb-aabe-8732cedd00de rating: N/A
2026-03-16 13:05:11 | DEBUG    | Ozon API: Enriched review 019cf61b-2ed2-7207-b5e8-a0b1c7dab208 rating: N/A
2026-03-16 13:05:11 | INFO     | Ozon API: Found 0 unanswered reviews (min_rating=1)
